<?xml version="1.0" encoding="UTF-8"?>
<robot generator="Robot 7.0 (Python 3.10.12 on linux)" generated="2024-04-03T05:00:56.744071" rpa="false" schemaversion="5">
<suite id="s1" name="Testing-Pipe" source="/home/matheus/Desktop/testing-pipe">
<suite id="s1-s1" name="Robot Tests" source="/home/matheus/Desktop/testing-pipe/robot_tests">
<suite id="s1-s1-s1" name="Api" source="/home/matheus/Desktop/testing-pipe/robot_tests/api">
<suite id="s1-s1-s1-s1" name="Testing" source="/home/matheus/Desktop/testing-pipe/robot_tests/api/testing.robot">
<test id="s1-s1-s1-s1-t1" name="Testando Api" line="6">
<kw name="GET" owner="RequestsLibrary">
<msg time="2024-04-03T05:00:56.858550" level="INFO">GET Request : url=https://pokeapi.co/api/v2/pokemon/ditto 
 path_url=/api/v2/pokemon/ditto 
 headers={'User-Agent': 'python-requests/2.25.1', 'Accept-Encoding': 'gzip, deflate', 'Accept': '*/*', 'Connection': 'keep-alive'} 
 body=None 
 </msg>
<msg time="2024-04-03T05:00:56.858961" level="INFO">GET Response : url=https://pokeapi.co/api/v2/pokemon/ditto 
 status=200, reason=OK 
 headers={'Date': 'Wed, 03 Apr 2024 08:00:56 GMT', 'Content-Type': 'application/json; charset=utf-8', 'Content-Length': '2027', 'Connection': 'keep-alive', 'access-control-allow-origin': '*', 'Cache-Control': 'public, max-age=86400, s-maxage=86400', 'Content-Encoding': 'gzip', 'etag': 'W/"5e0d-5fWRaxlbpjY4eNJNjWKLzaZ/amE"', 'function-execution-id': 'qwgggg6mokp4', 'strict-transport-security': 'max-age=31556926', 'x-cloud-trace-context': 'ce91adc64dcaa7b32f40b036a3fd6695;o=1', 'x-country-code': 'US', 'x-orig-accept-language': 'es-ES,es;q=0.9,en;q=0.8', 'x-powered-by': 'Express', 'x-served-by': 'cache-mia-kmia1760097-MIA', 'x-cache': 'HIT', 'x-cache-hits': '1', 'x-timer': 'S1709066846.913439,VS0,VE1', 'vary': 'Accept-Encoding,cookie,need-authorization, x-fh-requested-host, accept-encoding', 'alt-svc': 'h3=":443"; ma=86400', 'CF-Cache-Status': 'HIT', 'Age': '72170', 'Accept-Ranges': 'bytes', 'Report-To': '{"endpoints":[{"url":"https:\\/\\/a.nel.cloudflare.com\\/report\\/v4?s=7gg2mINz0NC52hst7F8N9h4AGFUhyAnpPGUmbg7kD6fV1Q1hspfYM2v%2FKhArTWMODrVhI2j7Onu4DMa8xZU5PcmBHbTGhel0RsUJGOGGcfOAm5KLIVeHEdukqhQS"}],"group":"cf-nel","max_age":604800}', 'NEL': '{"success_fraction":0,"report_to":"cf-nel","max_age":604800}', 'Server': 'cloudflare', 'CF-RAY': '86e78723389d7a86-GIG'} 
 body={"abilities":[{"ability":{"name":"limber","url":"https://pokeapi.co/api/v2/ability/7/"},"is_hidden":false,"slot":1},{"ability":{"name":"imposter","url":"https://pokeapi.co/api/v2/ability/150/"},"is_hidden":true,"slot":3}],"base_experience":101,"cries":{"latest":"https://raw.githubusercontent.com/PokeAPI/cries/main/cries/pokemon/latest/132.ogg","legacy":"https://raw.githubusercontent.com/PokeAPI/cries/main/cries/pokemon/legacy/132.ogg"},"forms":[{"name":"ditto","url":"https://pokeapi.co/api/v2/pokemon-form/132/"}],"game_indices":[{"game_index":76,"version":{"name":"red","url":"https://pokeapi.co/api/v2/version/1/"}},{"game_index":76,"version":{"name":"blue","url":"https://pokeapi.co/api/v2/version/2/"}},{"game_index":76,"version":{"name":"yellow","url":"https://pokeapi.co/api/v2/version/3/"}},{"game_index":132,"version":{"name":"gold","url":"https://pokeapi.co/api/v2/version/4/"}},{"game_index":132,"version":{"name":"silver","url":"https://pokeapi.co/api/v2/version/5/"}},{"game_index":132,"version":{"name":"crystal","url":"https://pokeapi.co/api/v2/version/6/"}},{"game_index":132,"version":{"name":"ruby","url":"https://pokeapi.co/api/v2/version/7/"}},{"game_index":132,"version":{"name":"sapphire","url":"https://pokeapi.co/api/v2/version/8/"}},{"game_index":132,"version":{"name":"emerald","url":"https://pokeapi.co/api/v2/version/9/"}},{"game_index":132,"version":{"name":"firered","url":"https://pokeapi.co/api/v2/version/10/"}},{"game_index":132,"version":{"name":"leafgreen","url":"https://pokeapi.co/api/v2/version/11/"}},{"game_index":132,"version":{"name":"diamond","url":"https://pokeapi.co/api/v2/version/12/"}},{"game_index":132,"version":{"name":"pearl","url":"https://pokeapi.co/api/v2/version/13/"}},{"game_index":132,"version":{"name":"platinum","url":"https://pokeapi.co/api/v2/version/14/"}},{"game_index":132,"version":{"name":"heartgold","url":"https://pokeapi.co/api/v2/version/15/"}},{"game_index":132,"version":{"name":"soulsilver","url":"https://pokeapi.co/api/v2/version/16/"}},{"game_index":132,"version":{"name":"black","url":"https://pokeapi.co/api/v2/version/17/"}},{"game_index":132,"version":{"name":"white","url":"https://pokeapi.co/api/v2/version/18/"}},{"game_index":132,"version":{"name":"black-2","url":"https://pokeapi.co/api/v2/version/21/"}},{"game_index":132,"version":{"name":"white-2","url":"https://pokeapi.co/api/v2/version/22/"}}],"height":3,"held_items":[{"item":{"name":"metal-powder","url":"https://pokeapi.co/api/v2/item/234/"},"version_details":[{"rarity":5,"version":{"name":"ruby","url":"https://pokeapi.co/api/v2/version/7/"}},{"rarity":5,"version":{"name":"sapphire","url":"https://pokeapi.co/api/v2/version/8/"}},{"rarity":5,"version":{"name":"emerald","url":"https://pokeapi.co/api/v2/version/9/"}},{"rarity":5,"version":{"name":"firered","url":"https://pokeapi.co/api/v2/version/10/"}},{"rarity":5,"version":{"name":"leafgreen","url":"https://pokeapi.co/api/v2/version/11/"}},{"rarity":5,"version":{"name":"diamond","url":"https://pokeapi.co/api/v2/version/12/"}},{"rarity":5,"version":{"name":"pearl","url":"https://pokeapi.co/api/v2/version/13/"}},{"rarity":5,"version":{"name":"platinum","url":"https://pokeapi.co/api/v2/version/14/"}},{"rarity":5,"version":{"name":"heartgold","url":"https://pokeapi.co/api/v2/version/15/"}},{"rarity":5,"version":{"name":"soulsilver","url":"https://pokeapi.co/api/v2/version/16/"}},{"rarity":5,"version":{"name":"black","url":"https://pokeapi.co/api/v2/version/17/"}},{"rarity":5,"version":{"name":"white","url":"https://pokeapi.co/api/v2/version/18/"}},{"rarity":5,"version":{"name":"black-2","url":"https://pokeapi.co/api/v2/version/21/"}},{"rarity":5,"version":{"name":"white-2","url":"https://pokeapi.co/api/v2/version/22/"}},{"rarity":5,"version":{"name":"x","url":"https://pokeapi.co/api/v2/version/23/"}},{"rarity":5,"version":{"name":"y","url":"https://pokeapi.co/api/v2/version/24/"}},{"rarity":5,"version":{"name":"omega-ruby","url":"https://pokeapi.co/api/v2/version/25/"}},{"rarity":5,"version":{"name":"alpha-sapphire","url":"https://pokeapi.co/api/v2/version/26/"}},{"rarity":5,"version":{"name":"sun","url":"https://pokeapi.co/api/v2/version/27/"}},{"rarity":5,"version":{"name":"moon","url":"https://pokeapi.co/api/v2/version/28/"}},{"rarity":5,"version":{"name":"ultra-sun","url":"https://pokeapi.co/api/v2/version/29/"}},{"rarity":5,"version":{"name":"ultra-moon","url":"https://pokeapi.co/api/v2/version/30/"}}]},{"item":{"name":"quick-powder","url":"https://pokeapi.co/api/v2/item/251/"},"version_details":[{"rarity":50,"version":{"name":"diamond","url":"https://pokeapi.co/api/v2/version/12/"}},{"rarity":50,"version":{"name":"pearl","url":"https://pokeapi.co/api/v2/version/13/"}},{"rarity":50,"version":{"name":"platinum","url":"https://pokeapi.co/api/v2/version/14/"}},{"rarity":50,"version":{"name":"heartgold","url":"https://pokeapi.co/api/v2/version/15/"}},{"rarity":50,"version":{"name":"soulsilver","url":"https://pokeapi.co/api/v2/version/16/"}},{"rarity":50,"version":{"name":"black","url":"https://pokeapi.co/api/v2/version/17/"}},{"rarity":50,"version":{"name":"white","url":"https://pokeapi.co/api/v2/version/18/"}},{"rarity":50,"version":{"name":"black-2","url":"https://pokeapi.co/api/v2/version/21/"}},{"rarity":50,"version":{"name":"white-2","url":"https://pokeapi.co/api/v2/version/22/"}},{"rarity":50,"version":{"name":"x","url":"https://pokeapi.co/api/v2/version/23/"}},{"rarity":50,"version":{"name":"y","url":"https://pokeapi.co/api/v2/version/24/"}},{"rarity":50,"version":{"name":"omega-ruby","url":"https://pokeapi.co/api/v2/version/25/"}},{"rarity":50,"version":{"name":"alpha-sapphire","url":"https://pokeapi.co/api/v2/version/26/"}},{"rarity":50,"version":{"name":"sun","url":"https://pokeapi.co/api/v2/version/27/"}},{"rarity":50,"version":{"name":"moon","url":"https://pokeapi.co/api/v2/version/28/"}},{"rarity":50,"version":{"name":"ultra-sun","url":"https://pokeapi.co/api/v2/version/29/"}},{"rarity":50,"version":{"name":"ultra-moon","url":"https://pokeapi.co/api/v2/version/30/"}}]}],"id":132,"is_default":true,"location_area_encounters":"https://pokeapi.co/api/v2/pokemon/132/encounters","moves":[{"move":{"name":"transform","url":"https://pokeapi.co/api/v2/move/144/"},"version_group_details":[{"level_learned_at":1,"move_learn_method":{"name":"level-up","url":"https://pokeapi.co/api/v2/move-learn-method/1/"},"version_group":{"name":"red-blue","url":"https://pokeapi.co/api/v2/version-group/1/"}},{"level_learned_at":1,"move_learn_method":{"name":"level-up","url":"https://pokeapi.co/api/v2/move-learn-method/1/"},"version_group":{"name":"yellow","url":"https://pokeapi.co/api/v2/version-group/2/"}},{"level_learned_at":1,"move_learn_method":{"name":"level-up","url":"https://pokeapi.co/api/v2/move-learn-method/1/"},"version_group":{"name":"gold-silver","url":"https://pokeapi.co/api/v2/version-group/3/"}},{"level_learned_at":1,"move_learn_method":{"name":"level-up","url":"https://pokeapi.co/api/v2/move-learn-method/1/"},"version_group":{"name":"crystal","url":"https://pokeapi.co/api/v2/version-group/4/"}},{"level_learned_at":1,"move_learn_method":{"name":"level-up","url":"https://pokeapi.co/api/v2/move-learn-method/1/"},"version_group":{"name":"ruby-sapphire","url":"https://pokeapi.co/api/v2/version-group/5/"}},{"level_learned_at":1,"move_learn_method":{"name":"level-up","url":"https://pokeapi.co/api/v2/move-learn-method/1/"},"version_group":{"name":"emerald","url":"https://pokeapi.co/api/v2/version-group/6/"}},{"level_learned_at":1,"move_learn_method":{"name":"level-up","url":"https://pokeapi.co/api/v2/move-learn-method/1/"},"version_group":{"name":"firered-leafgreen","url":"https://pokeapi.co/api/v2/version-group/7/"}},{"level_learned_at":1,"move_learn_method":{"name":"level-up","url":"https://pokeapi.co/api/v2/move-learn-method/1/"},"version_group":{"name":"diamond-pearl","url":"https://pokeapi.co/api/v2/version-group/8/"}},{"level_learned_at":1,"move_learn_method":{"name":"level-up","url":"https://pokeapi.co/api/v2/move-learn-method/1/"},"version_group":{"name":"platinum","url":"https://pokeapi.co/api/v2/version-group/9/"}},{"level_learned_at":1,"move_learn_method":{"name":"level-up","url":"https://pokeapi.co/api/v2/move-learn-method/1/"},"version_group":{"name":"heartgold-soulsilver","url":"https://pokeapi.co/api/v2/version-group/10/"}},{"level_learned_at":1,"move_learn_method":{"name":"level-up","url":"https://pokeapi.co/api/v2/move-learn-method/1/"},"version_group":{"name":"black-white","url":"https://pokeapi.co/api/v2/version-group/11/"}},{"level_learned_at":1,"move_learn_method":{"name":"level-up","url":"https://pokeapi.co/api/v2/move-learn-method/1/"},"version_group":{"name":"colosseum","url":"https://pokeapi.co/api/v2/version-group/12/"}},{"level_learned_at":1,"move_learn_method":{"name":"level-up","url":"https://pokeapi.co/api/v2/move-learn-method/1/"},"version_group":{"name":"xd","url":"https://pokeapi.co/api/v2/version-group/13/"}},{"level_learned_at":1,"move_learn_method":{"name":"level-up","url":"https://pokeapi.co/api/v2/move-learn-method/1/"},"version_group":{"name":"black-2-white-2","url":"https://pokeapi.co/api/v2/version-group/14/"}},{"level_learned_at":1,"move_learn_method":{"name":"level-up","url":"https://pokeapi.co/api/v2/move-learn-method/1/"},"version_group":{"name":"x-y","url":"https://pokeapi.co/api/v2/version-group/15/"}},{"level_learned_at":1,"move_learn_method":{"name":"level-up","url":"https://pokeapi.co/api/v2/move-learn-method/1/"},"version_group":{"name":"omega-ruby-alpha-sapphire","url":"https://pokeapi.co/api/v2/version-group/16/"}},{"level_learned_at":1,"move_learn_method":{"name":"level-up","url":"https://pokeapi.co/api/v2/move-learn-method/1/"},"version_group":{"name":"sun-moon","url":"https://pokeapi.co/api/v2/version-group/17/"}},{"level_learned_at":1,"move_learn_method":{"name":"level-up","url":"https://pokeapi.co/api/v2/move-learn-method/1/"},"version_group":{"name":"ultra-sun-ultra-moon","url":"https://pokeapi.co/api/v2/v... (set the log level to DEBUG or TRACE to see the full content) 
 </msg>
<msg time="2024-04-03T05:00:56.859513" level="INFO">${RESPONSE} = &lt;Response [200]&gt;</msg>
<var>${RESPONSE}</var>
<arg>https://pokeapi.co/api/v2/pokemon/ditto</arg>
<doc>Sends a GET request.</doc>
<status status="PASS" start="2024-04-03T05:00:56.795481" elapsed="0.064111"/>
</kw>
<kw name="Should Contain" owner="BuiltIn">
<arg>${RESPONSE.json()}</arg>
<arg>abilities</arg>
<doc>Fails if ``container`` does not contain ``item`` one or more times.</doc>
<status status="PASS" start="2024-04-03T05:00:56.860028" elapsed="0.000621"/>
</kw>
<status status="PASS" start="2024-04-03T05:00:56.794929" elapsed="0.066005"/>
</test>
<status status="PASS" start="2024-04-03T05:00:56.761675" elapsed="0.099763"/>
</suite>
<status status="PASS" start="2024-04-03T05:00:56.760424" elapsed="0.101618"/>
</suite>
<status status="PASS" start="2024-04-03T05:00:56.759517" elapsed="0.103273"/>
</suite>
<status status="PASS" start="2024-04-03T05:00:56.745861" elapsed="0.117578"/>
</suite>
<statistics>
<total>
<stat pass="1" fail="0" skip="0">All Tests</stat>
</total>
<tag>
</tag>
<suite>
<stat pass="1" fail="0" skip="0" id="s1" name="Testing-Pipe">Testing-Pipe</stat>
<stat pass="1" fail="0" skip="0" id="s1-s1" name="Robot Tests">Testing-Pipe.Robot Tests</stat>
<stat pass="1" fail="0" skip="0" id="s1-s1-s1" name="Api">Testing-Pipe.Robot Tests.Api</stat>
<stat pass="1" fail="0" skip="0" id="s1-s1-s1-s1" name="Testing">Testing-Pipe.Robot Tests.Api.Testing</stat>
</suite>
</statistics>
<errors>
</errors>
</robot>
